<?xml version="1.0" encoding="UTF-8"?>
<testng-results skipped="0" failed="0" total="1" passed="1">
  <reporter-output>
  </reporter-output>
  <suite name="Default suite" duration-ms="3633" started-at="2017-03-07T15:54:42Z" finished-at="2017-03-07T15:54:46Z">
    <groups>
    </groups>
    <test name="Default test" duration-ms="3633" started-at="2017-03-07T15:54:42Z" finished-at="2017-03-07T15:54:46Z">
      <class name="Patrick.Patrick.TestNGSeleniumSimpleSearchExample">
        <test-method status="PASS" signature="initDriver()[pri:0, instance:Patrick.Patrick.TestNGSeleniumSimpleSearchExample@6767c1fc]" name="initDriver" is-config="true" duration-ms="8715" started-at="2017-03-07T15:54:34Z" finished-at="2017-03-07T15:54:42Z">
          <reporter-output>
          </reporter-output>
        </test-method> <!-- initDriver -->
        <test-method status="PASS" signature="searchTestNGInGoogle()[pri:0, instance:Patrick.Patrick.TestNGSeleniumSimpleSearchExample@6767c1fc]" name="searchTestNGInGoogle" duration-ms="3611" started-at="2017-03-07T15:54:42Z" finished-at="2017-03-07T15:54:46Z">
          <reporter-output>
          </reporter-output>
        </test-method> <!-- searchTestNGInGoogle -->
      </class> <!-- Patrick.Patrick.TestNGSeleniumSimpleSearchExample -->
    </test> <!-- Default test -->
  </suite> <!-- Default suite -->
</testng-results>
